<?xml version="1.0" encoding="UTF-8"?>
<!-- Generated by org.testng.reporters.JUnitReportReporter -->
<testsuite hostname="INBook_X1" failures="0" tests="1" name="DemoTest" time="6.163" errors="0" timestamp="2023-05-17T14:29:32 IST" skipped="0">
  <testcase classname="DemoTest" name="Method001" time="6.163"/>
  <system-out/>
</testsuite> <!-- DemoTest -->
