<?xml version="1.0" encoding="UTF-8"?>
<!-- Generated by org.testng.reporters.JUnitReportReporter -->
<testsuite hostname="INBook_X1" failures="0" tests="1" name="DemoTest" time="8.050" errors="0" timestamp="2023-05-17T15:01:06 IST" skipped="0">
  <testcase classname="DemoTest" name="Method001" time="8.050"/>
  <system-out/>
</testsuite> <!-- DemoTest -->
